2023-04-03 16:41:14,511 INFO [main] c.b.f.b.Block0503LoggingApplication [StartupInfoLogger.java:51] Starting Block0503LoggingApplication using Java 17.0.5 with PID 10932 (C:\Users\felix.munoz\IdeaProjects\bosonit-java-training\block05-03-logging\target\classes started by felix.munoz in C:\Users\felix.munoz\IdeaProjects\bosonit-java-training\block05-03-logging)
2023-04-03 16:41:14,519 INFO [main] c.b.f.b.Block0503LoggingApplication [SpringApplication.java:632] No active profile set, falling back to 1 default profile: "default"
2023-04-03 16:41:15,464 INFO [main] o.s.b.w.e.t.TomcatWebServer [TomcatWebServer.java:108] Tomcat initialized with port(s): 8080 (http)
2023-04-03 16:41:15,484 INFO [main] o.a.c.h.Http11NioProtocol [DirectJDKLog.java:173] Initializing ProtocolHandler ["http-nio-8080"]
2023-04-03 16:41:15,484 INFO [main] o.a.c.c.StandardService [DirectJDKLog.java:173] Starting service [Tomcat]
2023-04-03 16:41:15,485 INFO [main] o.a.c.c.StandardEngine [DirectJDKLog.java:173] Starting Servlet engine: [Apache Tomcat/10.1.7]
2023-04-03 16:41:15,577 INFO [main] o.a.c.c.C.[.[.[/] [DirectJDKLog.java:173] Initializing Spring embedded WebApplicationContext
2023-04-03 16:41:15,580 INFO [main] o.s.b.w.s.c.ServletWebServerApplicationContext [ServletWebServerApplicationContext.java:291] Root WebApplicationContext: initialization completed in 1001 ms
2023-04-03 16:41:15,912 INFO [main] o.a.c.h.Http11NioProtocol [DirectJDKLog.java:173] Starting ProtocolHandler ["http-nio-8080"]
2023-04-03 16:41:15,936 INFO [main] o.s.b.w.e.t.TomcatWebServer [TomcatWebServer.java:220] Tomcat started on port(s): 8080 (http) with context path ''
2023-04-03 16:41:15,945 INFO [main] c.b.f.b.Block0503LoggingApplication [StartupInfoLogger.java:57] Started Block0503LoggingApplication in 1.801 seconds (process running for 2.285)
2023-04-03 16:41:28,282 INFO [http-nio-8080-exec-1] o.a.c.c.C.[.[.[/] [DirectJDKLog.java:173] Initializing Spring DispatcherServlet 'dispatcherServlet'
2023-04-03 16:41:28,283 INFO [http-nio-8080-exec-1] o.s.w.s.DispatcherServlet [FrameworkServlet.java:532] Initializing Servlet 'dispatcherServlet'
2023-04-03 16:41:28,284 INFO [http-nio-8080-exec-1] o.s.w.s.DispatcherServlet [FrameworkServlet.java:554] Completed initialization in 1 ms
2023-04-03 16:41:28,312 INFO [http-nio-8080-exec-1] c.b.f.b.MainController [MainController.java:18] Mensaje a nivel de INFO
2023-04-03 16:41:28,313 WARN [http-nio-8080-exec-1] c.b.f.b.MainController [MainController.java:19] Mensaje a nivel de WARNING
2023-04-03 16:41:28,313 ERROR [http-nio-8080-exec-1] c.b.f.b.MainController [MainController.java:20] Mensaje a nivel de ERROR
2023-04-03 16:42:45,232 INFO [main] c.b.f.b.Block0503LoggingApplication [StartupInfoLogger.java:51] Starting Block0503LoggingApplication using Java 17.0.5 with PID 2616 (C:\Users\felix.munoz\IdeaProjects\bosonit-java-training\block05-03-logging\target\classes started by felix.munoz in C:\Users\felix.munoz\IdeaProjects\bosonit-java-training\block05-03-logging)
2023-04-03 16:42:45,235 INFO [main] c.b.f.b.Block0503LoggingApplication [SpringApplication.java:632] No active profile set, falling back to 1 default profile: "default"
2023-04-03 16:42:46,193 INFO [main] o.s.b.w.e.t.TomcatWebServer [TomcatWebServer.java:108] Tomcat initialized with port(s): 8080 (http)
2023-04-03 16:42:46,200 INFO [main] o.a.c.h.Http11NioProtocol [DirectJDKLog.java:173] Initializing ProtocolHandler ["http-nio-8080"]
2023-04-03 16:42:46,201 INFO [main] o.a.c.c.StandardService [DirectJDKLog.java:173] Starting service [Tomcat]
2023-04-03 16:42:46,202 INFO [main] o.a.c.c.StandardEngine [DirectJDKLog.java:173] Starting Servlet engine: [Apache Tomcat/10.1.7]
2023-04-03 16:42:46,300 INFO [main] o.a.c.c.C.[.[.[/] [DirectJDKLog.java:173] Initializing Spring embedded WebApplicationContext
2023-04-03 16:42:46,302 INFO [main] o.s.b.w.s.c.ServletWebServerApplicationContext [ServletWebServerApplicationContext.java:291] Root WebApplicationContext: initialization completed in 1018 ms
2023-04-03 16:42:46,596 INFO [main] o.a.c.h.Http11NioProtocol [DirectJDKLog.java:173] Starting ProtocolHandler ["http-nio-8080"]
2023-04-03 16:42:46,624 INFO [main] o.s.b.w.e.t.TomcatWebServer [TomcatWebServer.java:220] Tomcat started on port(s): 8080 (http) with context path ''
2023-04-03 16:42:46,632 INFO [main] c.b.f.b.Block0503LoggingApplication [StartupInfoLogger.java:57] Started Block0503LoggingApplication in 1.749 seconds (process running for 2.208)
2023-04-03 16:43:17,000 INFO [main] c.b.f.b.Block0503LoggingApplication [StartupInfoLogger.java:51] Starting Block0503LoggingApplication using Java 17.0.5 with PID 11816 (C:\Users\felix.munoz\IdeaProjects\bosonit-java-training\block05-03-logging\target\classes started by felix.munoz in C:\Users\felix.munoz\IdeaProjects\bosonit-java-training\block05-03-logging)
2023-04-03 16:43:17,004 INFO [main] c.b.f.b.Block0503LoggingApplication [SpringApplication.java:632] No active profile set, falling back to 1 default profile: "default"
2023-04-03 16:43:17,962 INFO [main] o.s.b.w.e.t.TomcatWebServer [TomcatWebServer.java:108] Tomcat initialized with port(s): 8080 (http)
2023-04-03 16:43:17,970 INFO [main] o.a.c.h.Http11NioProtocol [DirectJDKLog.java:173] Initializing ProtocolHandler ["http-nio-8080"]
2023-04-03 16:43:17,971 INFO [main] o.a.c.c.StandardService [DirectJDKLog.java:173] Starting service [Tomcat]
2023-04-03 16:43:17,971 INFO [main] o.a.c.c.StandardEngine [DirectJDKLog.java:173] Starting Servlet engine: [Apache Tomcat/10.1.7]
2023-04-03 16:43:18,071 INFO [main] o.a.c.c.C.[.[.[/] [DirectJDKLog.java:173] Initializing Spring embedded WebApplicationContext
2023-04-03 16:43:18,073 INFO [main] o.s.b.w.s.c.ServletWebServerApplicationContext [ServletWebServerApplicationContext.java:291] Root WebApplicationContext: initialization completed in 1015 ms
2023-04-03 16:43:18,363 INFO [main] o.a.c.h.Http11NioProtocol [DirectJDKLog.java:173] Starting ProtocolHandler ["http-nio-8080"]
2023-04-03 16:43:18,390 INFO [main] o.s.b.w.e.t.TomcatWebServer [TomcatWebServer.java:220] Tomcat started on port(s): 8080 (http) with context path ''
2023-04-03 16:43:18,398 INFO [main] c.b.f.b.Block0503LoggingApplication [StartupInfoLogger.java:57] Started Block0503LoggingApplication in 1.743 seconds (process running for 2.194)
2023-04-03 16:43:38,142 INFO [http-nio-8080-exec-1] o.a.c.c.C.[.[.[/] [DirectJDKLog.java:173] Initializing Spring DispatcherServlet 'dispatcherServlet'
2023-04-03 16:43:38,143 INFO [http-nio-8080-exec-1] o.s.w.s.DispatcherServlet [FrameworkServlet.java:532] Initializing Servlet 'dispatcherServlet'
2023-04-03 16:43:38,144 INFO [http-nio-8080-exec-1] o.s.w.s.DispatcherServlet [FrameworkServlet.java:554] Completed initialization in 1 ms
2023-04-03 16:43:38,174 INFO [http-nio-8080-exec-1] c.b.f.b.MainController [MainController.java:18] Mensaje a nivel de INFO
2023-04-03 16:43:38,174 WARN [http-nio-8080-exec-1] c.b.f.b.MainController [MainController.java:19] Mensaje a nivel de WARNING
2023-04-03 16:43:38,174 ERROR [http-nio-8080-exec-1] c.b.f.b.MainController [MainController.java:20] Mensaje a nivel de ERROR
